mode: set
github.com/midbel/query/parse.go:20.40,21.16 1 1
github.com/midbel/query/parse.go:24.2,25.17 2 1
github.com/midbel/query/parse.go:21.16,23.3 1 1
github.com/midbel/query/parse.go:28.46,30.6 2 1
github.com/midbel/query/parse.go:54.2,54.20 1 1
github.com/midbel/query/parse.go:57.2,60.16 2 1
github.com/midbel/query/parse.go:30.6,32.17 2 1
github.com/midbel/query/parse.go:38.3,38.12 1 1
github.com/midbel/query/parse.go:45.3,45.15 1 1
github.com/midbel/query/parse.go:48.3,49.43 2 1
github.com/midbel/query/parse.go:52.3,52.26 1 1
github.com/midbel/query/parse.go:32.17,33.30 1 1
github.com/midbel/query/parse.go:36.4,36.19 1 0
github.com/midbel/query/parse.go:33.30,34.10 1 1
github.com/midbel/query/parse.go:39.12,39.12 0 1
github.com/midbel/query/parse.go:40.12,41.26 1 1
github.com/midbel/query/parse.go:42.11,43.56 1 1
github.com/midbel/query/parse.go:45.15,47.4 1 1
github.com/midbel/query/parse.go:49.43,51.4 1 1
github.com/midbel/query/parse.go:54.20,56.3 1 1
github.com/midbel/query/parse.go:63.51,66.6 3 1
github.com/midbel/query/parse.go:80.2,81.12 2 1
github.com/midbel/query/parse.go:66.6,68.17 2 1
github.com/midbel/query/parse.go:74.3,74.18 1 1
github.com/midbel/query/parse.go:78.3,78.19 1 1
github.com/midbel/query/parse.go:68.17,69.30 1 1
github.com/midbel/query/parse.go:72.4,72.14 1 0
github.com/midbel/query/parse.go:69.30,70.10 1 1
github.com/midbel/query/parse.go:74.18,76.9 2 1
github.com/midbel/query/parse.go:84.63,86.6 2 1
github.com/midbel/query/parse.go:96.2,97.12 2 1
github.com/midbel/query/parse.go:86.6,88.17 2 1
github.com/midbel/query/parse.go:91.3,91.17 1 1
github.com/midbel/query/parse.go:94.3,94.19 1 1
github.com/midbel/query/parse.go:88.17,90.4 1 0
github.com/midbel/query/parse.go:91.17,92.9 1 1
github.com/midbel/query/parse.go:100.51,103.16 3 1
github.com/midbel/query/parse.go:110.2,110.16 1 1
github.com/midbel/query/parse.go:113.2,113.38 1 1
github.com/midbel/query/parse.go:125.2,125.12 1 1
github.com/midbel/query/parse.go:103.16,105.3 1 1
github.com/midbel/query/parse.go:105.8,105.24 1 1
github.com/midbel/query/parse.go:105.24,107.3 1 1
github.com/midbel/query/parse.go:107.8,109.3 1 1
github.com/midbel/query/parse.go:110.16,112.3 1 1
github.com/midbel/query/parse.go:114.11,116.25 2 1
github.com/midbel/query/parse.go:117.11,118.17 1 1
github.com/midbel/query/parse.go:119.10,120.29 1 1
github.com/midbel/query/parse.go:123.3,123.61 1 1
github.com/midbel/query/parse.go:120.29,122.4 1 1
github.com/midbel/query/parse.go:128.41,129.6 1 0
github.com/midbel/query/parse.go:143.2,143.12 1 0
github.com/midbel/query/parse.go:129.6,132.17 3 0
github.com/midbel/query/parse.go:135.3,135.12 1 0
github.com/midbel/query/parse.go:132.17,134.4 1 0
github.com/midbel/query/parse.go:136.12,136.12 0 0
github.com/midbel/query/parse.go:137.12,138.14 1 0
github.com/midbel/query/parse.go:139.11,140.51 1 0
github.com/midbel/query/parse.go:146.33,148.6 2 0
github.com/midbel/query/parse.go:148.6,150.18 2 0
github.com/midbel/query/parse.go:150.18,151.9 1 0
github.com/midbel/query/parse.go:156.27,158.2 1 1
github.com/midbel/query/parse.go:160.28,162.2 1 1
github.com/midbel/query/parse.go:164.27,166.2 1 1
github.com/midbel/query/parse.go:168.27,170.2 1 1
github.com/midbel/query/parse.go:172.27,174.2 1 1
github.com/midbel/query/parse.go:176.27,178.2 1 0
github.com/midbel/query/parse.go:180.27,182.2 1 1
github.com/midbel/query/query.go:5.43,7.2 1 0
github.com/midbel/query/query.go:14.40,16.2 1 0
github.com/midbel/query/query.go:22.50,23.27 1 0
github.com/midbel/query/query.go:28.2,28.21 1 0
github.com/midbel/query/query.go:23.27,24.42 1 0
github.com/midbel/query/query.go:24.42,26.4 1 0
github.com/midbel/query/query.go:33.52,34.18 1 0
github.com/midbel/query/query.go:37.2,38.16 2 0
github.com/midbel/query/query.go:41.2,41.18 1 0
github.com/midbel/query/query.go:45.2,46.15 2 0
github.com/midbel/query/query.go:34.18,36.3 1 0
github.com/midbel/query/query.go:38.16,40.3 1 0
github.com/midbel/query/query.go:41.18,44.3 2 0
github.com/midbel/query/query.go:54.52,55.27 1 0
github.com/midbel/query/query.go:64.2,64.21 1 0
github.com/midbel/query/query.go:55.27,56.42 1 0
github.com/midbel/query/query.go:56.42,62.4 2 0
github.com/midbel/query/query.go:72.52,73.22 1 0
github.com/midbel/query/query.go:76.2,76.21 1 0
github.com/midbel/query/query.go:73.22,75.3 1 0
github.com/midbel/query/query.go:79.29,80.15 1 0
github.com/midbel/query/query.go:83.2,83.11 1 0
github.com/midbel/query/query.go:80.15,82.3 1 0
